\BOOKMARK [0][]{chapter*.4}{\376\377\000I\000n\000t\000r\000o\000d\000u\000c\000t\000i\000o\000n\000\040\000G\000\351\000n\000\351\000r\000a\000l\000e}{}% 1
\BOOKMARK [0][]{chapter.1}{\376\377\000P\000r\000\351\000s\000e\000n\000t\000a\000t\000i\000o\000n\000\040\000d\000u\000\040\000c\000a\000d\000r\000e\000\040\000d\000e\000\040\000p\000r\000o\000j\000e\000t}{}% 2
\BOOKMARK [1][]{section.1.1}{\376\377\000I\000n\000t\000r\000o\000d\000u\000c\000t\000i\000o\000n}{chapter.1}% 3
\BOOKMARK [1][]{section.1.2}{\376\377\000\311\000t\000u\000d\000e\000\040\000d\000e\000\040\000l\000'\000e\000x\000i\000s\000t\000a\000n\000t}{chapter.1}% 4
\BOOKMARK [2][]{subsection.1.2.1}{\376\377\000A\000u\000t\000h\000e\000n\000t\000i\000f\000i\000c\000a\000t\000i\000o\000n\000\040\000p\000a\000r\000\040\000i\000d\000e\000n\000t\000i\000f\000i\000a\000n\000t\000\040\000e\000t\000\040\000m\000o\000t\000\040\000d\000e\000\040\000p\000a\000s\000s\000e}{section.1.2}% 5
\BOOKMARK [2][]{subsection.1.2.2}{\376\377\000A\000u\000t\000h\000e\000n\000t\000i\000f\000i\000c\000a\000t\000i\000o\000n\000\040\000\340\000\040\000d\000e\000u\000x\000\040\000f\000a\000c\000t\000e\000u\000r\000s\000\040\000\050\0002\000F\000A\000\051}{section.1.2}% 6
\BOOKMARK [2][]{subsection.1.2.3}{\376\377\000S\000y\000s\000t\000\350\000m\000e\000s\000\040\000d\000e\000\040\000c\000o\000n\000t\000r\000\364\000l\000e\000\040\000d\000'\000a\000c\000c\000\350\000s\000\040\000b\000a\000s\000\351\000s\000\040\000s\000u\000r\000\040\000l\000e\000s\000\040\000r\000\364\000l\000e\000s\000\040\000\050\000R\000B\000A\000C\000\051}{section.1.2}% 7
\BOOKMARK [2][]{subsection.1.2.4}{\376\377\000S\000o\000l\000u\000t\000i\000o\000n\000s\000\040\000b\000i\000o\000m\000\351\000t\000r\000i\000q\000u\000e\000s\000\040\000e\000x\000i\000s\000t\000a\000n\000t\000e\000s}{section.1.2}% 8
\BOOKMARK [1][]{section.1.3}{\376\377\000A\000n\000a\000l\000y\000s\000e\000\040\000c\000r\000i\000t\000i\000q\000u\000e\000\040\000d\000e\000\040\000l\000'\000e\000x\000i\000s\000t\000a\000n\000t}{chapter.1}% 9
\BOOKMARK [2][]{subsection.1.3.1}{\376\377\000V\000u\000l\000n\000\351\000r\000a\000b\000i\000l\000i\000t\000\351\000s\000\040\000d\000e\000\040\000l\000'\000a\000u\000t\000h\000e\000n\000t\000i\000f\000i\000c\000a\000t\000i\000o\000n\000\040\000t\000r\000a\000d\000i\000t\000i\000o\000n\000n\000e\000l\000l\000e}{section.1.3}% 10
\BOOKMARK [2][]{subsection.1.3.2}{\376\377\000L\000i\000m\000i\000t\000e\000s\000\040\000d\000e\000s\000\040\000a\000p\000p\000r\000o\000c\000h\000e\000s\000\040\0002\000F\000A\000\040\000a\000c\000t\000u\000e\000l\000l\000e\000s}{section.1.3}% 11
\BOOKMARK [2][]{subsection.1.3.3}{\376\377\000R\000i\000g\000i\000d\000i\000t\000\351\000\040\000d\000e\000s\000\040\000m\000o\000d\000\350\000l\000e\000s\000\040\000d\000e\000\040\000c\000o\000n\000t\000r\000\364\000l\000e\000\040\000d\000'\000a\000c\000c\000\350\000s}{section.1.3}% 12
\BOOKMARK [2][]{subsection.1.3.4}{\376\377\000F\000r\000a\000g\000m\000e\000n\000t\000a\000t\000i\000o\000n\000\040\000d\000e\000s\000\040\000s\000o\000l\000u\000t\000i\000o\000n\000s\000\040\000d\000e\000\040\000s\000\351\000c\000u\000r\000i\000t\000\351}{section.1.3}% 13
\BOOKMARK [1][]{section.1.4}{\376\377\000S\000o\000l\000u\000t\000i\000o\000n\000\040\000p\000r\000o\000p\000o\000s\000\351\000e}{chapter.1}% 14
\BOOKMARK [2][]{subsection.1.4.1}{\376\377\000P\000r\000i\000n\000c\000i\000p\000e\000\040\000g\000\351\000n\000\351\000r\000a\000l}{section.1.4}% 15
\BOOKMARK [2][]{subsection.1.4.2}{\376\377\000A\000v\000a\000n\000t\000a\000g\000e\000s\000\040\000d\000e\000\040\000l\000a\000\040\000s\000o\000l\000u\000t\000i\000o\000n}{section.1.4}% 16
\BOOKMARK [2][]{subsection.1.4.3}{\376\377\000L\000i\000m\000i\000t\000e\000s\000\040\000e\000t\000\040\000c\000o\000n\000t\000r\000a\000i\000n\000t\000e\000s}{section.1.4}% 17
\BOOKMARK [1][]{section.1.5}{\376\377\000C\000h\000o\000i\000x\000\040\000d\000u\000\040\000m\000o\000d\000\350\000l\000e\000\040\000d\000e\000\040\000d\000\351\000v\000e\000l\000o\000p\000p\000e\000m\000e\000n\000t}{chapter.1}% 18
\BOOKMARK [2][]{subsection.1.5.1}{\376\377\000M\000o\000d\000\350\000l\000e\000s\000\040\000e\000n\000v\000i\000s\000a\000g\000\351\000s}{section.1.5}% 19
\BOOKMARK [2][]{subsection.1.5.2}{\376\377\000J\000u\000s\000t\000i\000f\000i\000c\000a\000t\000i\000o\000n\000\040\000d\000u\000\040\000c\000h\000o\000i\000x}{section.1.5}% 20
\BOOKMARK [1][]{section.1.6}{\376\377\000P\000l\000a\000n\000n\000i\000n\000g\000\040\000p\000r\000\351\000v\000i\000s\000i\000o\000n\000n\000e\000l}{chapter.1}% 21
\BOOKMARK [1][]{section.1.7}{\376\377\000C\000o\000n\000c\000l\000u\000s\000i\000o\000n}{chapter.1}% 22
\BOOKMARK [0][]{chapter.2}{\376\377\000S\000p\000\351\000c\000i\000f\000i\000c\000a\000t\000i\000o\000n\000\040\000d\000e\000s\000\040\000b\000e\000s\000o\000i\000n\000s}{}% 23
\BOOKMARK [1][]{section.2.1}{\376\377\000I\000n\000t\000r\000o\000d\000u\000c\000t\000i\000o\000n}{chapter.2}% 24
\BOOKMARK [1][]{section.2.2}{\376\377\000I\000d\000e\000n\000t\000i\000f\000i\000c\000a\000t\000i\000o\000n\000\040\000d\000e\000s\000\040\000a\000c\000t\000e\000u\000r\000s}{chapter.2}% 25
\BOOKMARK [2][]{subsection.2.2.1}{\376\377\000A\000c\000t\000e\000u\000r\000s\000\040\000p\000r\000i\000m\000a\000i\000r\000e\000s}{section.2.2}% 26
\BOOKMARK [2][]{subsection.2.2.2}{\376\377\000A\000c\000t\000e\000u\000r\000s\000\040\000s\000e\000c\000o\000n\000d\000a\000i\000r\000e\000s}{section.2.2}% 27
\BOOKMARK [1][]{section.2.3}{\376\377\000B\000e\000s\000o\000i\000n\000s\000\040\000f\000o\000n\000c\000t\000i\000o\000n\000n\000e\000l\000s}{chapter.2}% 28
\BOOKMARK [2][]{subsection.2.3.1}{\376\377\000A\000u\000t\000h\000e\000n\000t\000i\000f\000i\000c\000a\000t\000i\000o\000n\000\040\000e\000t\000\040\000g\000e\000s\000t\000i\000o\000n\000\040\000d\000e\000\040\000s\000e\000s\000s\000i\000o\000n}{section.2.3}% 29
\BOOKMARK [2][]{subsection.2.3.2}{\376\377\000A\000u\000t\000h\000e\000n\000t\000i\000f\000i\000c\000a\000t\000i\000o\000n\000\040\000m\000u\000l\000t\000i\000-\000f\000a\000c\000t\000e\000u\000r\000s\000\040\000\050\000M\000F\000A\000\051}{section.2.3}% 30
\BOOKMARK [2][]{subsection.2.3.3}{\376\377\000G\000e\000s\000t\000i\000o\000n\000\040\000d\000e\000s\000\040\000n\000i\000v\000e\000a\000u\000x\000\040\000d\000'\000a\000c\000c\000\350\000s}{section.2.3}% 31
\BOOKMARK [2][]{subsection.2.3.4}{\376\377\000G\000e\000s\000t\000i\000o\000n\000\040\000d\000e\000s\000\040\000r\000e\000s\000s\000o\000u\000r\000c\000e\000s}{section.2.3}% 32
\BOOKMARK [2][]{subsection.2.3.5}{\376\377\000A\000d\000m\000i\000n\000i\000s\000t\000r\000a\000t\000i\000o\000n\000\040\000e\000t\000\040\000s\000u\000p\000e\000r\000v\000i\000s\000i\000o\000n}{section.2.3}% 33
\BOOKMARK [1][]{section.2.4}{\376\377\000B\000e\000s\000o\000i\000n\000s\000\040\000n\000o\000n\000\040\000f\000o\000n\000c\000t\000i\000o\000n\000n\000e\000l\000s}{chapter.2}% 34
\BOOKMARK [2][]{subsection.2.4.1}{\376\377\000S\000\351\000c\000u\000r\000i\000t\000\351}{section.2.4}% 35
\BOOKMARK [2][]{subsection.2.4.2}{\376\377\000P\000e\000r\000f\000o\000r\000m\000a\000n\000c\000e}{section.2.4}% 36
\BOOKMARK [2][]{subsection.2.4.3}{\376\377\000D\000i\000s\000p\000o\000n\000i\000b\000i\000l\000i\000t\000\351\000\040\000e\000t\000\040\000f\000i\000a\000b\000i\000l\000i\000t\000\351}{section.2.4}% 37
\BOOKMARK [2][]{subsection.2.4.4}{\376\377\000\311\000v\000o\000l\000u\000t\000i\000v\000i\000t\000\351\000\040\000e\000t\000\040\000m\000a\000i\000n\000t\000e\000n\000a\000b\000i\000l\000i\000t\000\351}{section.2.4}% 38
\BOOKMARK [2][]{subsection.2.4.5}{\376\377\000E\000r\000g\000o\000n\000o\000m\000i\000e}{section.2.4}% 39
\BOOKMARK [1][]{section.2.5}{\376\377\000C\000a\000s\000\040\000d\000'\000u\000t\000i\000l\000i\000s\000a\000t\000i\000o\000n}{chapter.2}% 40
\BOOKMARK [2][]{subsection.2.5.1}{\376\377\000C\000U\0001\000\040\000:\000\040\000S\000'\000a\000u\000t\000h\000e\000n\000t\000i\000f\000i\000e\000r}{section.2.5}% 41
\BOOKMARK [2][]{subsection.2.5.2}{\376\377\000C\000U\0002\000\040\000:\000\040\000E\000n\000r\000e\000g\000i\000s\000t\000r\000e\000r\000\040\000s\000o\000n\000\040\000v\000i\000s\000a\000g\000e}{section.2.5}% 42
\BOOKMARK [2][]{subsection.2.5.3}{\376\377\000C\000U\0003\000\040\000:\000\040\000A\000c\000c\000\351\000d\000e\000r\000\040\000\340\000\040\000u\000n\000e\000\040\000r\000e\000s\000s\000o\000u\000r\000c\000e\000\040\000p\000r\000o\000t\000\351\000g\000\351\000e}{section.2.5}% 43
\BOOKMARK [2][]{subsection.2.5.4}{\376\377\000C\000U\0004\000\040\000:\000\040\000G\000\351\000r\000e\000r\000\040\000l\000e\000s\000\040\000u\000t\000i\000l\000i\000s\000a\000t\000e\000u\000r\000s}{section.2.5}% 44
\BOOKMARK [2][]{subsection.2.5.5}{\376\377\000C\000U\0005\000\040\000:\000\040\000C\000o\000n\000f\000i\000g\000u\000r\000e\000r\000\040\000l\000'\000a\000u\000t\000h\000e\000n\000t\000i\000f\000i\000c\000a\000t\000i\000o\000n\000\040\000O\000T\000P}{section.2.5}% 45
\BOOKMARK [2][]{subsection.2.5.6}{\376\377\000C\000U\0006\000\040\000:\000\040\000C\000o\000n\000s\000u\000l\000t\000e\000r\000\040\000l\000e\000s\000\040\000j\000o\000u\000r\000n\000a\000u\000x\000\040\000d\000'\000a\000c\000t\000i\000v\000i\000t\000\351}{section.2.5}% 46
\BOOKMARK [1][]{section.2.6}{\376\377\000D\000i\000a\000g\000r\000a\000m\000m\000e\000s\000\040\000d\000e\000\040\000c\000a\000s\000\040\000d\000'\000u\000t\000i\000l\000i\000s\000a\000t\000i\000o\000n}{chapter.2}% 47
\BOOKMARK [2][]{subsection.2.6.1}{\376\377\000D\000i\000a\000g\000r\000a\000m\000m\000e\000\040\000d\000e\000\040\000c\000a\000s\000\040\000d\000'\000u\000t\000i\000l\000i\000s\000a\000t\000i\000o\000n\000\040\000g\000l\000o\000b\000a\000l}{section.2.6}% 48
\BOOKMARK [2][]{subsection.2.6.2}{\376\377\000D\000i\000a\000g\000r\000a\000m\000m\000e\000\040\000d\000e\000\040\000c\000a\000s\000\040\000d\000'\000u\000t\000i\000l\000i\000s\000a\000t\000i\000o\000n\000\040\000M\000F\000A}{section.2.6}% 49
\BOOKMARK [1][]{section.2.7}{\376\377\000C\000o\000n\000c\000l\000u\000s\000i\000o\000n}{chapter.2}% 50
\BOOKMARK [0][]{chapter.3}{\376\377\000C\000o\000n\000c\000e\000p\000t\000i\000o\000n\000\040\000d\000u\000\040\000s\000y\000s\000t\000\350\000m\000e}{}% 51
\BOOKMARK [1][]{section.3.1}{\376\377\000I\000n\000t\000r\000o\000d\000u\000c\000t\000i\000o\000n}{chapter.3}% 52
\BOOKMARK [1][]{section.3.2}{\376\377\000V\000u\000e\000\040\000g\000l\000o\000b\000a\000l\000e\000\040\000d\000e\000\040\000l\000a\000\040\000c\000o\000n\000c\000e\000p\000t\000i\000o\000n}{chapter.3}% 53
\BOOKMARK [2][]{subsection.3.2.1}{\376\377\000D\000\351\000m\000a\000r\000c\000h\000e\000\040\000d\000e\000\040\000c\000o\000n\000c\000e\000p\000t\000i\000o\000n\000\040\000a\000d\000o\000p\000t\000\351\000e}{section.3.2}% 54
\BOOKMARK [2][]{subsection.3.2.2}{\376\377\000D\000\351\000c\000o\000u\000p\000a\000g\000e\000\040\000d\000u\000\040\000s\000y\000s\000t\000\350\000m\000e\000\040\000e\000n\000\040\000c\000o\000m\000p\000o\000s\000a\000n\000t\000s}{section.3.2}% 55
\BOOKMARK [1][]{section.3.3}{\376\377\000M\000o\000d\000\351\000l\000i\000s\000a\000t\000i\000o\000n\000\040\000d\000y\000n\000a\000m\000i\000q\000u\000e}{chapter.3}% 56
\BOOKMARK [2][]{subsection.3.3.1}{\376\377\000D\000i\000a\000g\000r\000a\000m\000m\000e\000\040\000d\000e\000\040\000s\000\351\000q\000u\000e\000n\000c\000e\000\040\000:\000\040\000A\000u\000t\000h\000e\000n\000t\000i\000f\000i\000c\000a\000t\000i\000o\000n\000\040\000e\000t\000\040\000d\000\351\000c\000i\000s\000i\000o\000n\000\040\000M\000F\000A}{section.3.3}% 57
\BOOKMARK [2][]{subsection.3.3.2}{\376\377\000D\000i\000a\000g\000r\000a\000m\000m\000e\000\040\000d\000e\000\040\000s\000\351\000q\000u\000e\000n\000c\000e\000\040\000:\000\040\000V\000a\000l\000i\000d\000a\000t\000i\000o\000n\000\040\000M\000F\000A\000\040\000v\000i\000a\000\040\000O\000T\000P}{section.3.3}% 58
\BOOKMARK [2][]{subsection.3.3.3}{\376\377\000D\000i\000a\000g\000r\000a\000m\000m\000e\000\040\000d\000e\000\040\000s\000\351\000q\000u\000e\000n\000c\000e\000\040\000:\000\040\000C\000o\000n\000f\000i\000g\000u\000r\000a\000t\000i\000o\000n\000\040\000O\000T\000P}{section.3.3}% 59
\BOOKMARK [2][]{subsection.3.3.4}{\376\377\000D\000i\000a\000g\000r\000a\000m\000m\000e\000\040\000d\000e\000\040\000s\000\351\000q\000u\000e\000n\000c\000e\000\040\000:\000\040\000A\000c\000c\000\350\000s\000\040\000r\000e\000f\000u\000s\000\351\000\040\000\340\000\040\000u\000n\000e\000\040\000r\000e\000s\000s\000o\000u\000r\000c\000e}{section.3.3}% 60
\BOOKMARK [1][]{section.3.4}{\376\377\000M\000o\000d\000\351\000l\000i\000s\000a\000t\000i\000o\000n\000\040\000s\000t\000a\000t\000i\000q\000u\000e}{chapter.3}% 61
\BOOKMARK [2][]{subsection.3.4.1}{\376\377\000P\000r\000\351\000s\000e\000n\000t\000a\000t\000i\000o\000n\000\040\000d\000u\000\040\000d\000i\000a\000g\000r\000a\000m\000m\000e\000\040\000d\000e\000\040\000c\000l\000a\000s\000s\000e\000s}{section.3.4}% 62
\BOOKMARK [2][]{subsection.3.4.2}{\376\377\000D\000e\000s\000c\000r\000i\000p\000t\000i\000o\000n\000\040\000d\000e\000s\000\040\000p\000r\000i\000n\000c\000i\000p\000a\000l\000e\000s\000\040\000c\000l\000a\000s\000s\000e\000s}{section.3.4}% 63
\BOOKMARK [2][]{subsection.3.4.3}{\376\377\000R\000e\000l\000a\000t\000i\000o\000n\000s\000\040\000e\000n\000t\000r\000e\000\040\000c\000l\000a\000s\000s\000e\000s}{section.3.4}% 64
\BOOKMARK [1][]{section.3.5}{\376\377\000A\000r\000c\000h\000i\000t\000e\000c\000t\000u\000r\000e\000\040\000d\000u\000\040\000s\000y\000s\000t\000\350\000m\000e}{chapter.3}% 65
\BOOKMARK [2][]{subsection.3.5.1}{\376\377\000A\000r\000c\000h\000i\000t\000e\000c\000t\000u\000r\000e\000\040\000l\000o\000g\000i\000c\000i\000e\000l\000l\000e}{section.3.5}% 66
\BOOKMARK [2][]{subsection.3.5.2}{\376\377\000A\000r\000c\000h\000i\000t\000e\000c\000t\000u\000r\000e\000\040\000m\000a\000t\000\351\000r\000i\000e\000l\000l\000e}{section.3.5}% 67
\BOOKMARK [2][]{subsection.3.5.3}{\376\377\000P\000r\000o\000t\000o\000c\000o\000l\000e\000s\000\040\000e\000t\000\040\000s\000\351\000c\000u\000r\000i\000s\000a\000t\000i\000o\000n\000\040\000d\000e\000s\000\040\000\351\000c\000h\000a\000n\000g\000e\000s}{section.3.5}% 68
\BOOKMARK [1][]{section.3.6}{\376\377\000C\000o\000n\000c\000l\000u\000s\000i\000o\000n}{chapter.3}% 69
\BOOKMARK [0][]{chapter.4}{\376\377\000R\000\351\000a\000l\000i\000s\000a\000t\000i\000o\000n\000\040\000d\000u\000\040\000s\000y\000s\000t\000\350\000m\000e}{}% 70
\BOOKMARK [1][]{section.4.1}{\376\377\000I\000n\000t\000r\000o\000d\000u\000c\000t\000i\000o\000n}{chapter.4}% 71
\BOOKMARK [1][]{section.4.2}{\376\377\000E\000n\000v\000i\000r\000o\000n\000n\000e\000m\000e\000n\000t\000\040\000m\000a\000t\000\351\000r\000i\000e\000l}{chapter.4}% 72
\BOOKMARK [2][]{subsection.4.2.1}{\376\377\000P\000o\000s\000t\000e\000\040\000d\000e\000\040\000d\000\351\000v\000e\000l\000o\000p\000p\000e\000m\000e\000n\000t}{section.4.2}% 73
\BOOKMARK [2][]{subsection.4.2.2}{\376\377\000C\000o\000n\000f\000i\000g\000u\000r\000a\000t\000i\000o\000n\000\040\000m\000i\000n\000i\000m\000a\000l\000e\000\040\000r\000e\000q\000u\000i\000s\000e}{section.4.2}% 74
\BOOKMARK [2][]{subsection.4.2.3}{\376\377\000C\000o\000n\000t\000r\000a\000i\000n\000t\000e\000s\000\040\000l\000i\000\351\000e\000s\000\040\000\340\000\040\000l\000a\000\040\000b\000i\000o\000m\000\351\000t\000r\000i\000e}{section.4.2}% 75
\BOOKMARK [1][]{section.4.3}{\376\377\000E\000n\000v\000i\000r\000o\000n\000n\000e\000m\000e\000n\000t\000\040\000l\000o\000g\000i\000c\000i\000e\000l}{chapter.4}% 76
\BOOKMARK [2][]{subsection.4.3.1}{\376\377\000S\000y\000s\000t\000\350\000m\000e\000\040\000d\000'\000e\000x\000p\000l\000o\000i\000t\000a\000t\000i\000o\000n}{section.4.3}% 77
\BOOKMARK [2][]{subsection.4.3.2}{\376\377\000O\000u\000t\000i\000l\000s\000\040\000d\000e\000\040\000d\000\351\000v\000e\000l\000o\000p\000p\000e\000m\000e\000n\000t}{section.4.3}% 78
\BOOKMARK [2][]{subsection.4.3.3}{\376\377\000F\000r\000a\000m\000e\000w\000o\000r\000k\000s\000\040\000e\000t\000\040\000t\000e\000c\000h\000n\000o\000l\000o\000g\000i\000e\000s}{section.4.3}% 79
\BOOKMARK [2][]{subsection.4.3.4}{\376\377\000O\000u\000t\000i\000l\000s\000\040\000d\000e\000\040\000t\000e\000s\000t\000\040\000e\000t\000\040\000d\000e\000\040\000v\000e\000r\000s\000i\000o\000n\000n\000e\000m\000e\000n\000t}{section.4.3}% 80
\BOOKMARK [1][]{section.4.4}{\376\377\000P\000r\000\351\000s\000e\000n\000t\000a\000t\000i\000o\000n\000\040\000d\000e\000s\000\040\000i\000n\000t\000e\000r\000f\000a\000c\000e\000s\000\040\000g\000r\000a\000p\000h\000i\000q\000u\000e\000s}{chapter.4}% 81
\BOOKMARK [2][]{subsection.4.4.1}{\376\377\000P\000a\000g\000e\000\040\000d\000'\000a\000c\000c\000u\000e\000i\000l}{section.4.4}% 82
\BOOKMARK [2][]{subsection.4.4.2}{\376\377\000I\000n\000t\000e\000r\000f\000a\000c\000e\000\040\000d\000e\000\040\000c\000o\000n\000n\000e\000x\000i\000o\000n}{section.4.4}% 83
\BOOKMARK [2][]{subsection.4.4.3}{\376\377\000I\000n\000t\000e\000r\000f\000a\000c\000e\000\040\000d\000e\000\040\000v\000a\000l\000i\000d\000a\000t\000i\000o\000n\000\040\000M\000F\000A}{section.4.4}% 84
\BOOKMARK [2][]{subsection.4.4.4}{\376\377\000T\000a\000b\000l\000e\000a\000u\000\040\000d\000e\000\040\000b\000o\000r\000d}{section.4.4}% 85
\BOOKMARK [2][]{subsection.4.4.5}{\376\377\000E\000x\000i\000g\000e\000n\000c\000e\000s\000\040\000d\000e\000\040\000n\000i\000v\000e\000a\000u\000\040\000d\000'\000a\000c\000c\000\350\000s}{section.4.4}% 86
\BOOKMARK [2][]{subsection.4.4.6}{\376\377\000I\000n\000t\000e\000r\000f\000a\000c\000e\000\040\000F\000a\000n\000\040\000Z\000o\000n\000e}{section.4.4}% 87
\BOOKMARK [2][]{subsection.4.4.7}{\376\377\000I\000n\000t\000e\000r\000f\000a\000c\000e\000\040\000S\000t\000a\000d\000i\000u\000m\000\040\000O\000p\000e\000r\000a\000t\000i\000o\000n\000s}{section.4.4}% 88
\BOOKMARK [2][]{subsection.4.4.8}{\376\377\000I\000n\000t\000e\000r\000f\000a\000c\000e\000\040\000V\000I\000P\000\040\000H\000o\000s\000p\000i\000t\000a\000l\000i\000t\000y}{section.4.4}% 89
\BOOKMARK [2][]{subsection.4.4.9}{\376\377\000I\000n\000t\000e\000r\000f\000a\000c\000e\000\040\000V\000I\000P\000\040\000R\000e\000s\000e\000r\000v\000a\000t\000i\000o\000n\000s}{section.4.4}% 90
\BOOKMARK [2][]{subsection.4.4.10}{\376\377\000I\000n\000t\000e\000r\000f\000a\000c\000e\000\040\000E\000v\000e\000n\000t\000\040\000C\000o\000n\000t\000r\000o\000l\000\040\000R\000o\000o\000m}{section.4.4}% 91
\BOOKMARK [2][]{subsection.4.4.11}{\376\377\000I\000n\000t\000e\000r\000f\000a\000c\000e\000\040\000T\000e\000a\000m\000\040\000T\000r\000a\000v\000e\000l\000\040\000C\000o\000o\000r\000d\000i\000n\000a\000t\000i\000o\000n}{section.4.4}% 92
\BOOKMARK [2][]{subsection.4.4.12}{\376\377\000I\000n\000t\000e\000r\000f\000a\000c\000e\000\040\000D\000o\000c\000u\000m\000e\000n\000t\000s\000\040\000V\000a\000u\000l\000t}{section.4.4}% 93
\BOOKMARK [2][]{subsection.4.4.13}{\376\377\000I\000n\000t\000e\000r\000f\000a\000c\000e\000\040\000P\000r\000e\000d\000i\000c\000t\000i\000o\000n\000s\000\040\000L\000e\000a\000g\000u\000e}{section.4.4}% 94
\BOOKMARK [1][]{section.4.5}{\376\377\000C\000o\000n\000c\000l\000u\000s\000i\000o\000n}{chapter.4}% 95
\BOOKMARK [0][]{chapter*.25}{\376\377\000C\000o\000n\000c\000l\000u\000s\000i\000o\000n\000\040\000G\000\351\000n\000\351\000r\000a\000l\000e}{}% 96
\BOOKMARK [0][]{chapter*.26}{\376\377\000A\000n\000n\000e\000x\000e\000s}{}% 97
\BOOKMARK [1][]{section*.27}{\376\377\000A\0001\000\040\040\023\000\040\000T\000a\000b\000l\000e\000\040\000d\000e\000s\000\040\000a\000c\000r\000o\000n\000y\000m\000e\000s}{chapter*.26}% 98
\BOOKMARK [1][]{section*.28}{\376\377\000A\0002\000\040\040\023\000\040\000E\000x\000t\000r\000a\000i\000t\000s\000\040\000t\000e\000c\000h\000n\000i\000q\000u\000e\000s\000\040\000i\000l\000l\000u\000s\000t\000r\000a\000t\000i\000f\000s}{chapter*.26}% 99
\BOOKMARK [1][]{section*.32}{\376\377\000A\0003\000\040\040\023\000\040\000E\000n\000d\000p\000o\000i\000n\000t\000s\000\040\000A\000P\000I\000\040\000p\000r\000i\000n\000c\000i\000p\000a\000u\000x}{chapter*.26}% 100
\BOOKMARK [1][]{section*.33}{\376\377\000A\0004\000\040\040\023\000\040\000C\000h\000e\000c\000k\000l\000i\000s\000t\000\040\000d\000e\000\040\000c\000o\000n\000f\000o\000r\000m\000i\000t\000\351\000\040\000s\000\351\000c\000u\000r\000i\000t\000\351}{chapter*.26}% 101
